<?xml version="1.0" encoding="UTF-8"?>
<!-- Generated by org.testng.reporters.JUnitXMLReporter -->
<testsuite ignored="0" hostname="TESTING-2" failures="0" tests="6" name="Default test" time="306.407" errors="0" timestamp="2026-08-13T11:03:06 IST">
  <testcase classname="tests.VendorCreditTest" name="vendorCreditTest" time="26.573"/>
  <testcase classname="tests.VendorCreditTest" name="vendorCreditTest" time="37.569"/>
  <testcase classname="tests.VendorCreditTest" name="vendorCreditTest" time="37.568"/>
  <testcase classname="tests.VendorCreditTest" name="vendorCreditTest" time="37.898"/>
  <testcase classname="tests.VendorCreditTest" name="vendorCreditTest" time="38.098"/>
  <testcase classname="tests.VendorCreditTest" name="vendorCreditTest" time="37.559"/>
</testsuite> <!-- Default test -->
