<?xml version="1.0" encoding="UTF-8"?>
<!-- Generated by org.testng.reporters.JUnitReportReporter -->
<testsuite hostname="TESTING-2" failures="0" tests="6" name="tests.VendorCreditTest" time="310.906" errors="0" timestamp="2026-08-13T17:06:13 IST" skipped="0">
  <testcase classname="tests.VendorCreditTest" name="vendorCreditTest" time="53.222"/>
  <testcase classname="tests.VendorCreditTest" name="vendorCreditTest" time="53.951"/>
  <testcase classname="tests.VendorCreditTest" name="vendorCreditTest" time="53.241"/>
  <testcase classname="tests.VendorCreditTest" name="vendorCreditTest" time="53.091"/>
  <testcase classname="tests.VendorCreditTest" name="vendorCreditTest" time="55.401"/>
  <testcase classname="tests.VendorCreditTest" name="vendorCreditTest" time="42.000"/>
</testsuite> <!-- tests.VendorCreditTest -->
