<?xml version="1.0" encoding="UTF-8"?>
<!-- Generated by org.testng.reporters.JUnitReportReporter -->
<testsuite hostname="TESTING-2" failures="0" tests="10" name="tests.InvoicesTest" time="395.635" errors="0" timestamp="2026-05-02T10:08:01 IST" skipped="0">
  <testcase classname="tests.InvoicesTest" name="invoicesTest" time="38.985"/>
  <testcase classname="tests.InvoicesTest" name="invoicesTest" time="39.051"/>
  <testcase classname="tests.InvoicesTest" name="invoicesTest" time="39.391"/>
  <testcase classname="tests.InvoicesTest" name="invoicesTest" time="41.196"/>
  <testcase classname="tests.InvoicesTest" name="invoicesTest" time="38.833"/>
  <testcase classname="tests.InvoicesTest" name="invoicesTest" time="40.083"/>
  <testcase classname="tests.InvoicesTest" name="invoicesTest" time="39.142"/>
  <testcase classname="tests.InvoicesTest" name="invoicesTest" time="38.991"/>
  <testcase classname="tests.InvoicesTest" name="invoicesTest" time="40.374"/>
  <testcase classname="tests.InvoicesTest" name="invoicesTest" time="39.589"/>
</testsuite> <!-- tests.InvoicesTest -->
