<?xml version="1.0" encoding="UTF-8"?>
<!-- Generated by org.testng.reporters.JUnitReportReporter -->
<testsuite hostname="TESTING-2" failures="0" tests="3" name="tests.PaymentsTest" time="130.991" errors="0" timestamp="2026-08-13T17:06:13 IST" skipped="0">
  <testcase classname="tests.PaymentsTest" name="paymentTest" time="42.952"/>
  <testcase classname="tests.PaymentsTest" name="paymentTest" time="43.578"/>
  <testcase classname="tests.PaymentsTest" name="paymentTest" time="44.461"/>
</testsuite> <!-- tests.PaymentsTest -->
