<?xml version="1.0" encoding="UTF-8"?>
<!-- Generated by org.testng.reporters.JUnitReportReporter -->
<testsuite hostname="TESTING-2" failures="0" tests="10" name="tests.InvoicesTest" time="495.968" errors="0" timestamp="2026-08-13T13:44:27 IST" skipped="0">
  <testcase classname="tests.InvoicesTest" name="invoicesTest" time="50.121"/>
  <testcase classname="tests.InvoicesTest" name="invoicesTest" time="49.735"/>
  <testcase classname="tests.InvoicesTest" name="invoicesTest" time="49.343"/>
  <testcase classname="tests.InvoicesTest" name="invoicesTest" time="51.116"/>
  <testcase classname="tests.InvoicesTest" name="invoicesTest" time="49.470"/>
  <testcase classname="tests.InvoicesTest" name="invoicesTest" time="49.048"/>
  <testcase classname="tests.InvoicesTest" name="invoicesTest" time="48.867"/>
  <testcase classname="tests.InvoicesTest" name="invoicesTest" time="49.609"/>
  <testcase classname="tests.InvoicesTest" name="invoicesTest" time="48.806"/>
  <testcase classname="tests.InvoicesTest" name="invoicesTest" time="49.853"/>
</testsuite> <!-- tests.InvoicesTest -->
