<?xml version="1.0" encoding="UTF-8"?>
<!-- Generated by org.testng.reporters.JUnitReportReporter -->
<testsuite hostname="TESTING-2" failures="0" tests="4" name="tests.SalesReturnTest" time="156.500" errors="0" timestamp="2026-08-13T13:44:27 IST" skipped="0">
  <testcase classname="tests.SalesReturnTest" name="salesReturnTest" time="38.640"/>
  <testcase classname="tests.SalesReturnTest" name="salesReturnTest" time="39.421"/>
  <testcase classname="tests.SalesReturnTest" name="salesReturnTest" time="39.324"/>
  <testcase classname="tests.SalesReturnTest" name="salesReturnTest" time="39.115"/>
</testsuite> <!-- tests.SalesReturnTest -->
