<?xml version="1.0" encoding="UTF-8"?>
<!-- Generated by org.testng.reporters.JUnitReportReporter -->
<testsuite hostname="TESTING-2" failures="0" tests="50" name="tests.PurchaseOrderTest" time="4025.693" errors="0" timestamp="2026-08-13T17:06:13 IST" skipped="0">
  <testcase classname="tests.PurchaseOrderTest" name="purchaseOrderTest" time="45.509"/>
  <testcase classname="tests.PurchaseOrderTest" name="purchaseOrderTest" time="30.704"/>
  <testcase classname="tests.PurchaseOrderTest" name="purchaseOrderTest" time="106.347"/>
  <testcase classname="tests.PurchaseOrderTest" name="purchaseOrderTest" time="106.651"/>
  <testcase classname="tests.PurchaseOrderTest" name="purchaseOrderTest" time="106.669"/>
  <testcase classname="tests.PurchaseOrderTest" name="purchaseOrderTest" time="122.273"/>
  <testcase classname="tests.PurchaseOrderTest" name="purchaseOrderTest" time="120.990"/>
  <testcase classname="tests.PurchaseOrderTest" name="purchaseOrderTest" time="30.581"/>
  <testcase classname="tests.PurchaseOrderTest" name="purchaseOrderTest" time="30.568"/>
  <testcase classname="tests.PurchaseOrderTest" name="purchaseOrderTest" time="106.722"/>
  <testcase classname="tests.PurchaseOrderTest" name="purchaseOrderTest" time="29.934"/>
  <testcase classname="tests.PurchaseOrderTest" name="purchaseOrderTest" time="107.850"/>
  <testcase classname="tests.PurchaseOrderTest" name="purchaseOrderTest" time="45.651"/>
  <testcase classname="tests.PurchaseOrderTest" name="purchaseOrderTest" time="29.080"/>
  <testcase classname="tests.PurchaseOrderTest" name="purchaseOrderTest" time="44.734"/>
  <testcase classname="tests.PurchaseOrderTest" name="purchaseOrderTest" time="30.347"/>
  <testcase classname="tests.PurchaseOrderTest" name="purchaseOrderTest" time="122.376"/>
  <testcase classname="tests.PurchaseOrderTest" name="purchaseOrderTest" time="108.000"/>
  <testcase classname="tests.PurchaseOrderTest" name="purchaseOrderTest" time="119.745"/>
  <testcase classname="tests.PurchaseOrderTest" name="purchaseOrderTest" time="105.318"/>
  <testcase classname="tests.PurchaseOrderTest" name="purchaseOrderTest" time="30.637"/>
  <testcase classname="tests.PurchaseOrderTest" name="purchaseOrderTest" time="107.581"/>
  <testcase classname="tests.PurchaseOrderTest" name="purchaseOrderTest" time="106.996"/>
  <testcase classname="tests.PurchaseOrderTest" name="purchaseOrderTest" time="108.625"/>
  <testcase classname="tests.PurchaseOrderTest" name="purchaseOrderTest" time="30.516"/>
  <testcase classname="tests.PurchaseOrderTest" name="purchaseOrderTest" time="31.097"/>
  <testcase classname="tests.PurchaseOrderTest" name="purchaseOrderTest" time="123.245"/>
  <testcase classname="tests.PurchaseOrderTest" name="purchaseOrderTest" time="166.482"/>
  <testcase classname="tests.PurchaseOrderTest" name="purchaseOrderTest" time="120.720"/>
  <testcase classname="tests.PurchaseOrderTest" name="purchaseOrderTest" time="30.243"/>
  <testcase classname="tests.PurchaseOrderTest" name="purchaseOrderTest" time="105.991"/>
  <testcase classname="tests.PurchaseOrderTest" name="purchaseOrderTest" time="107.440"/>
  <testcase classname="tests.PurchaseOrderTest" name="purchaseOrderTest" time="29.115"/>
  <testcase classname="tests.PurchaseOrderTest" name="purchaseOrderTest" time="106.596"/>
  <testcase classname="tests.PurchaseOrderTest" name="purchaseOrderTest" time="121.682"/>
  <testcase classname="tests.PurchaseOrderTest" name="purchaseOrderTest" time="29.680"/>
  <testcase classname="tests.PurchaseOrderTest" name="purchaseOrderTest" time="105.594"/>
  <testcase classname="tests.PurchaseOrderTest" name="purchaseOrderTest" time="120.555"/>
  <testcase classname="tests.PurchaseOrderTest" name="purchaseOrderTest" time="30.824"/>
  <testcase classname="tests.PurchaseOrderTest" name="purchaseOrderTest" time="44.926"/>
  <testcase classname="tests.PurchaseOrderTest" name="purchaseOrderTest" time="123.545"/>
  <testcase classname="tests.PurchaseOrderTest" name="purchaseOrderTest" time="105.858"/>
  <testcase classname="tests.PurchaseOrderTest" name="purchaseOrderTest" time="106.945"/>
  <testcase classname="tests.PurchaseOrderTest" name="purchaseOrderTest" time="104.766"/>
  <testcase classname="tests.PurchaseOrderTest" name="purchaseOrderTest" time="29.605"/>
  <testcase classname="tests.PurchaseOrderTest" name="purchaseOrderTest" time="120.757"/>
  <testcase classname="tests.PurchaseOrderTest" name="purchaseOrderTest" time="44.975"/>
  <testcase classname="tests.PurchaseOrderTest" name="purchaseOrderTest" time="29.621"/>
  <testcase classname="tests.PurchaseOrderTest" name="purchaseOrderTest" time="120.699"/>
  <testcase classname="tests.PurchaseOrderTest" name="purchaseOrderTest" time="30.328"/>
</testsuite> <!-- tests.PurchaseOrderTest -->
