<?xml version="1.0" encoding="UTF-8"?>
<!-- Generated by org.testng.reporters.JUnitReportReporter -->
<testsuite hostname="TESTING-2" failures="0" tests="10" name="tests.DeliveryNoteTest" time="450.056" errors="0" timestamp="2026-08-13T13:44:27 IST" skipped="0">
  <testcase classname="tests.DeliveryNoteTest" name="deliveryNoteTest" time="39.711"/>
  <testcase classname="tests.DeliveryNoteTest" name="deliveryNoteTest" time="38.741"/>
  <testcase classname="tests.DeliveryNoteTest" name="deliveryNoteTest" time="39.260"/>
  <testcase classname="tests.DeliveryNoteTest" name="deliveryNoteTest" time="39.056"/>
  <testcase classname="tests.DeliveryNoteTest" name="deliveryNoteTest" time="39.073"/>
  <testcase classname="tests.DeliveryNoteTest" name="deliveryNoteTest" time="38.834"/>
  <testcase classname="tests.DeliveryNoteTest" name="deliveryNoteTest" time="92.767"/>
  <testcase classname="tests.DeliveryNoteTest" name="deliveryNoteTest" time="44.774"/>
  <testcase classname="tests.DeliveryNoteTest" name="deliveryNoteTest" time="38.171"/>
  <testcase classname="tests.DeliveryNoteTest" name="deliveryNoteTest" time="39.669"/>
</testsuite> <!-- tests.DeliveryNoteTest -->
