<?xml version="1.0" encoding="UTF-8"?>
<!-- Generated by org.testng.reporters.JUnitReportReporter -->
<testsuite hostname="TESTING-2" failures="0" tests="10" name="tests.SalesOrderTest" time="485.926" errors="0" timestamp="2026-08-13T13:44:27 IST" skipped="0">
  <testcase classname="tests.SalesOrderTest" name="salesOrderTest" time="47.782"/>
  <testcase classname="tests.SalesOrderTest" name="salesOrderTest" time="47.582"/>
  <testcase classname="tests.SalesOrderTest" name="salesOrderTest" time="48.374"/>
  <testcase classname="tests.SalesOrderTest" name="salesOrderTest" time="47.935"/>
  <testcase classname="tests.SalesOrderTest" name="salesOrderTest" time="49.075"/>
  <testcase classname="tests.SalesOrderTest" name="salesOrderTest" time="48.809"/>
  <testcase classname="tests.SalesOrderTest" name="salesOrderTest" time="48.391"/>
  <testcase classname="tests.SalesOrderTest" name="salesOrderTest" time="50.066"/>
  <testcase classname="tests.SalesOrderTest" name="salesOrderTest" time="49.578"/>
  <testcase classname="tests.SalesOrderTest" name="salesOrderTest" time="48.334"/>
</testsuite> <!-- tests.SalesOrderTest -->
