<?xml version="1.0" encoding="UTF-8"?>
<!-- Generated by org.testng.reporters.JUnitReportReporter -->
<testsuite hostname="TESTING-2" failures="0" tests="50" name="tests.LandedcostPITest" time="2187.258" errors="0" timestamp="2026-08-12T11:47:13 IST" skipped="0">
  <testcase classname="tests.LandedcostPITest" name="LandedcostPITest" time="38.733"/>
  <testcase classname="tests.LandedcostPITest" name="LandedcostPITest" time="39.408"/>
  <testcase classname="tests.LandedcostPITest" name="LandedcostPITest" time="53.364"/>
  <testcase classname="tests.LandedcostPITest" name="LandedcostPITest" time="38.759"/>
  <testcase classname="tests.LandedcostPITest" name="LandedcostPITest" time="37.260"/>
  <testcase classname="tests.LandedcostPITest" name="LandedcostPITest" time="53.959"/>
  <testcase classname="tests.LandedcostPITest" name="LandedcostPITest" time="40.118"/>
  <testcase classname="tests.LandedcostPITest" name="LandedcostPITest" time="54.182"/>
  <testcase classname="tests.LandedcostPITest" name="LandedcostPITest" time="55.056"/>
  <testcase classname="tests.LandedcostPITest" name="LandedcostPITest" time="38.769"/>
  <testcase classname="tests.LandedcostPITest" name="LandedcostPITest" time="39.856"/>
  <testcase classname="tests.LandedcostPITest" name="LandedcostPITest" time="39.091"/>
  <testcase classname="tests.LandedcostPITest" name="LandedcostPITest" time="38.834"/>
  <testcase classname="tests.LandedcostPITest" name="LandedcostPITest" time="38.439"/>
  <testcase classname="tests.LandedcostPITest" name="LandedcostPITest" time="53.201"/>
  <testcase classname="tests.LandedcostPITest" name="LandedcostPITest" time="54.791"/>
  <testcase classname="tests.LandedcostPITest" name="LandedcostPITest" time="39.575"/>
  <testcase classname="tests.LandedcostPITest" name="LandedcostPITest" time="39.236"/>
  <testcase classname="tests.LandedcostPITest" name="LandedcostPITest" time="36.313"/>
  <testcase classname="tests.LandedcostPITest" name="LandedcostPITest" time="38.298"/>
  <testcase classname="tests.LandedcostPITest" name="LandedcostPITest" time="38.122"/>
  <testcase classname="tests.LandedcostPITest" name="LandedcostPITest" time="32.986"/>
  <testcase classname="tests.LandedcostPITest" name="LandedcostPITest" time="37.043"/>
  <testcase classname="tests.LandedcostPITest" name="LandedcostPITest" time="39.228"/>
  <testcase classname="tests.LandedcostPITest" name="LandedcostPITest" time="53.998"/>
  <testcase classname="tests.LandedcostPITest" name="LandedcostPITest" time="38.852"/>
  <testcase classname="tests.LandedcostPITest" name="LandedcostPITest" time="39.337"/>
  <testcase classname="tests.LandedcostPITest" name="LandedcostPITest" time="40.072"/>
  <testcase classname="tests.LandedcostPITest" name="LandedcostPITest" time="39.943"/>
  <testcase classname="tests.LandedcostPITest" name="LandedcostPITest" time="55.067"/>
  <testcase classname="tests.LandedcostPITest" name="LandedcostPITest" time="42.467"/>
  <testcase classname="tests.LandedcostPITest" name="LandedcostPITest" time="36.935"/>
  <testcase classname="tests.LandedcostPITest" name="LandedcostPITest" time="39.237"/>
  <testcase classname="tests.LandedcostPITest" name="LandedcostPITest" time="39.001"/>
  <testcase classname="tests.LandedcostPITest" name="LandedcostPITest" time="39.715"/>
  <testcase classname="tests.LandedcostPITest" name="LandedcostPITest" time="36.970"/>
  <testcase classname="tests.LandedcostPITest" name="LandedcostPITest" time="39.112"/>
  <testcase classname="tests.LandedcostPITest" name="LandedcostPITest" time="54.487"/>
  <testcase classname="tests.LandedcostPITest" name="LandedcostPITest" time="38.800"/>
  <testcase classname="tests.LandedcostPITest" name="LandedcostPITest" time="54.245"/>
  <testcase classname="tests.LandedcostPITest" name="LandedcostPITest" time="54.301"/>
  <testcase classname="tests.LandedcostPITest" name="LandedcostPITest" time="53.963"/>
  <testcase classname="tests.LandedcostPITest" name="LandedcostPITest" time="41.063"/>
  <testcase classname="tests.LandedcostPITest" name="LandedcostPITest" time="37.384"/>
  <testcase classname="tests.LandedcostPITest" name="LandedcostPITest" time="54.065"/>
  <testcase classname="tests.LandedcostPITest" name="LandedcostPITest" time="40.056"/>
  <testcase classname="tests.LandedcostPITest" name="LandedcostPITest" time="54.985"/>
  <testcase classname="tests.LandedcostPITest" name="LandedcostPITest" time="39.764"/>
  <testcase classname="tests.LandedcostPITest" name="LandedcostPITest" time="54.920"/>
  <testcase classname="tests.LandedcostPITest" name="LandedcostPITest" time="53.898"/>
</testsuite> <!-- tests.LandedcostPITest -->
