<?xml version="1.0" encoding="UTF-8"?>
<!-- Generated by org.testng.reporters.JUnitReportReporter -->
<testsuite hostname="TESTING-2" failures="0" tests="50" name="tests.PurchaseBillTest" time="4600.038" errors="0" timestamp="2026-08-13T17:06:13 IST" skipped="0">
  <testcase classname="tests.PurchaseBillTest" name="purchaseBillTest" time="41.268"/>
  <testcase classname="tests.PurchaseBillTest" name="purchaseBillTest" time="42.701"/>
  <testcase classname="tests.PurchaseBillTest" name="purchaseBillTest" time="116.767"/>
  <testcase classname="tests.PurchaseBillTest" name="purchaseBillTest" time="41.183"/>
  <testcase classname="tests.PurchaseBillTest" name="purchaseBillTest" time="132.613"/>
  <testcase classname="tests.PurchaseBillTest" name="purchaseBillTest" time="118.190"/>
  <testcase classname="tests.PurchaseBillTest" name="purchaseBillTest" time="119.439"/>
  <testcase classname="tests.PurchaseBillTest" name="purchaseBillTest" time="117.904"/>
  <testcase classname="tests.PurchaseBillTest" name="purchaseBillTest" time="41.002"/>
  <testcase classname="tests.PurchaseBillTest" name="purchaseBillTest" time="132.205"/>
  <testcase classname="tests.PurchaseBillTest" name="purchaseBillTest" time="116.146"/>
  <testcase classname="tests.PurchaseBillTest" name="purchaseBillTest" time="40.906"/>
  <testcase classname="tests.PurchaseBillTest" name="purchaseBillTest" time="41.767"/>
  <testcase classname="tests.PurchaseBillTest" name="purchaseBillTest" time="55.976"/>
  <testcase classname="tests.PurchaseBillTest" name="purchaseBillTest" time="117.942"/>
  <testcase classname="tests.PurchaseBillTest" name="purchaseBillTest" time="40.567"/>
  <testcase classname="tests.PurchaseBillTest" name="purchaseBillTest" time="132.528"/>
  <testcase classname="tests.PurchaseBillTest" name="purchaseBillTest" time="43.908"/>
  <testcase classname="tests.PurchaseBillTest" name="purchaseBillTest" time="118.223"/>
  <testcase classname="tests.PurchaseBillTest" name="purchaseBillTest" time="133.148"/>
  <testcase classname="tests.PurchaseBillTest" name="purchaseBillTest" time="118.819"/>
  <testcase classname="tests.PurchaseBillTest" name="purchaseBillTest" time="117.124"/>
  <testcase classname="tests.PurchaseBillTest" name="purchaseBillTest" time="132.621"/>
  <testcase classname="tests.PurchaseBillTest" name="purchaseBillTest" time="120.111"/>
  <testcase classname="tests.PurchaseBillTest" name="purchaseBillTest" time="40.539"/>
  <testcase classname="tests.PurchaseBillTest" name="purchaseBillTest" time="117.765"/>
  <testcase classname="tests.PurchaseBillTest" name="purchaseBillTest" time="40.545"/>
  <testcase classname="tests.PurchaseBillTest" name="purchaseBillTest" time="132.348"/>
  <testcase classname="tests.PurchaseBillTest" name="purchaseBillTest" time="117.416"/>
  <testcase classname="tests.PurchaseBillTest" name="purchaseBillTest" time="132.316"/>
  <testcase classname="tests.PurchaseBillTest" name="purchaseBillTest" time="42.472"/>
  <testcase classname="tests.PurchaseBillTest" name="purchaseBillTest" time="118.461"/>
  <testcase classname="tests.PurchaseBillTest" name="purchaseBillTest" time="40.027"/>
  <testcase classname="tests.PurchaseBillTest" name="purchaseBillTest" time="116.982"/>
  <testcase classname="tests.PurchaseBillTest" name="purchaseBillTest" time="132.276"/>
  <testcase classname="tests.PurchaseBillTest" name="purchaseBillTest" time="133.505"/>
  <testcase classname="tests.PurchaseBillTest" name="purchaseBillTest" time="56.258"/>
  <testcase classname="tests.PurchaseBillTest" name="purchaseBillTest" time="41.106"/>
  <testcase classname="tests.PurchaseBillTest" name="purchaseBillTest" time="40.349"/>
  <testcase classname="tests.PurchaseBillTest" name="purchaseBillTest" time="55.947"/>
  <testcase classname="tests.PurchaseBillTest" name="purchaseBillTest" time="118.186"/>
  <testcase classname="tests.PurchaseBillTest" name="purchaseBillTest" time="117.815"/>
  <testcase classname="tests.PurchaseBillTest" name="purchaseBillTest" time="119.388"/>
  <testcase classname="tests.PurchaseBillTest" name="purchaseBillTest" time="132.422"/>
  <testcase classname="tests.PurchaseBillTest" name="purchaseBillTest" time="133.203"/>
  <testcase classname="tests.PurchaseBillTest" name="purchaseBillTest" time="41.180"/>
  <testcase classname="tests.PurchaseBillTest" name="purchaseBillTest" time="55.913"/>
  <testcase classname="tests.PurchaseBillTest" name="purchaseBillTest" time="116.387"/>
  <testcase classname="tests.PurchaseBillTest" name="purchaseBillTest" time="41.256"/>
  <testcase classname="tests.PurchaseBillTest" name="purchaseBillTest" time="132.918"/>
</testsuite> <!-- tests.PurchaseBillTest -->
