<?xml version="1.0" encoding="UTF-8"?>
<!-- Generated by org.testng.reporters.JUnitReportReporter -->
<testsuite hostname="TESTING-2" failures="0" tests="4" name="tests.ReceiptTest" time="150.244" errors="0" timestamp="2026-08-13T13:44:27 IST" skipped="0">
  <testcase classname="tests.ReceiptTest" name="receiptTest" time="43.517"/>
  <testcase classname="tests.ReceiptTest" name="receiptTest" time="19.651"/>
  <testcase classname="tests.ReceiptTest" name="receiptTest" time="44.458"/>
  <testcase classname="tests.ReceiptTest" name="receiptTest" time="42.618"/>
</testsuite> <!-- tests.ReceiptTest -->
