<?xml version="1.0" encoding="UTF-8"?>
<!-- Generated by org.testng.reporters.JUnitReportReporter -->
<testsuite hostname="TESTING-2" failures="0" tests="10" name="tests.EstimateTest" time="403.191" errors="0" timestamp="2026-08-13T13:44:27 IST" skipped="0">
  <testcase classname="tests.EstimateTest" name="estimateTest" time="40.446"/>
  <testcase classname="tests.EstimateTest" name="estimateTest" time="40.394"/>
  <testcase classname="tests.EstimateTest" name="estimateTest" time="39.852"/>
  <testcase classname="tests.EstimateTest" name="estimateTest" time="41.355"/>
  <testcase classname="tests.EstimateTest" name="estimateTest" time="40.416"/>
  <testcase classname="tests.EstimateTest" name="estimateTest" time="39.208"/>
  <testcase classname="tests.EstimateTest" name="estimateTest" time="40.099"/>
  <testcase classname="tests.EstimateTest" name="estimateTest" time="40.218"/>
  <testcase classname="tests.EstimateTest" name="estimateTest" time="40.640"/>
  <testcase classname="tests.EstimateTest" name="estimateTest" time="40.563"/>
</testsuite> <!-- tests.EstimateTest -->
