<?xml version="1.0" encoding="UTF-8"?>
<!-- Generated by org.testng.reporters.JUnitReportReporter -->
<testsuite hostname="TESTING-2" failures="0" tests="50" name="tests.PurchaseBillTest" time="1729.197" errors="0" timestamp="2026-05-02T10:08:01 IST" skipped="0">
  <testcase classname="tests.PurchaseBillTest" name="purchaseBillTest" time="39.753"/>
  <testcase classname="tests.PurchaseBillTest" name="purchaseBillTest" time="42.457"/>
  <testcase classname="tests.PurchaseBillTest" name="purchaseBillTest" time="26.723"/>
  <testcase classname="tests.PurchaseBillTest" name="purchaseBillTest" time="27.622"/>
  <testcase classname="tests.PurchaseBillTest" name="purchaseBillTest" time="27.583"/>
  <testcase classname="tests.PurchaseBillTest" name="purchaseBillTest" time="29.535"/>
  <testcase classname="tests.PurchaseBillTest" name="purchaseBillTest" time="28.100"/>
  <testcase classname="tests.PurchaseBillTest" name="purchaseBillTest" time="42.956"/>
  <testcase classname="tests.PurchaseBillTest" name="purchaseBillTest" time="27.077"/>
  <testcase classname="tests.PurchaseBillTest" name="purchaseBillTest" time="26.923"/>
  <testcase classname="tests.PurchaseBillTest" name="purchaseBillTest" time="42.010"/>
  <testcase classname="tests.PurchaseBillTest" name="purchaseBillTest" time="28.702"/>
  <testcase classname="tests.PurchaseBillTest" name="purchaseBillTest" time="27.633"/>
  <testcase classname="tests.PurchaseBillTest" name="purchaseBillTest" time="27.064"/>
  <testcase classname="tests.PurchaseBillTest" name="purchaseBillTest" time="27.025"/>
  <testcase classname="tests.PurchaseBillTest" name="purchaseBillTest" time="27.416"/>
  <testcase classname="tests.PurchaseBillTest" name="purchaseBillTest" time="28.099"/>
  <testcase classname="tests.PurchaseBillTest" name="purchaseBillTest" time="28.379"/>
  <testcase classname="tests.PurchaseBillTest" name="purchaseBillTest" time="28.369"/>
  <testcase classname="tests.PurchaseBillTest" name="purchaseBillTest" time="42.354"/>
  <testcase classname="tests.PurchaseBillTest" name="purchaseBillTest" time="42.158"/>
  <testcase classname="tests.PurchaseBillTest" name="purchaseBillTest" time="26.990"/>
  <testcase classname="tests.PurchaseBillTest" name="purchaseBillTest" time="27.985"/>
  <testcase classname="tests.PurchaseBillTest" name="purchaseBillTest" time="28.309"/>
  <testcase classname="tests.PurchaseBillTest" name="purchaseBillTest" time="27.201"/>
  <testcase classname="tests.PurchaseBillTest" name="purchaseBillTest" time="48.932"/>
  <testcase classname="tests.PurchaseBillTest" name="purchaseBillTest" time="41.229"/>
  <testcase classname="tests.PurchaseBillTest" name="purchaseBillTest" time="82.172"/>
  <testcase classname="tests.PurchaseBillTest" name="purchaseBillTest" time="42.820"/>
  <testcase classname="tests.PurchaseBillTest" name="purchaseBillTest" time="27.864"/>
  <testcase classname="tests.PurchaseBillTest" name="purchaseBillTest" time="27.962"/>
  <testcase classname="tests.PurchaseBillTest" name="purchaseBillTest" time="27.730"/>
  <testcase classname="tests.PurchaseBillTest" name="purchaseBillTest" time="43.477"/>
  <testcase classname="tests.PurchaseBillTest" name="purchaseBillTest" time="26.825"/>
  <testcase classname="tests.PurchaseBillTest" name="purchaseBillTest" time="27.155"/>
  <testcase classname="tests.PurchaseBillTest" name="purchaseBillTest" time="42.289"/>
  <testcase classname="tests.PurchaseBillTest" name="purchaseBillTest" time="51.624"/>
  <testcase classname="tests.PurchaseBillTest" name="purchaseBillTest" time="43.624"/>
  <testcase classname="tests.PurchaseBillTest" name="purchaseBillTest" time="28.289"/>
  <testcase classname="tests.PurchaseBillTest" name="purchaseBillTest" time="28.112"/>
  <testcase classname="tests.PurchaseBillTest" name="purchaseBillTest" time="27.377"/>
  <testcase classname="tests.PurchaseBillTest" name="purchaseBillTest" time="42.726"/>
  <testcase classname="tests.PurchaseBillTest" name="purchaseBillTest" time="27.692"/>
  <testcase classname="tests.PurchaseBillTest" name="purchaseBillTest" time="27.295"/>
  <testcase classname="tests.PurchaseBillTest" name="purchaseBillTest" time="39.839"/>
  <testcase classname="tests.PurchaseBillTest" name="purchaseBillTest" time="42.429"/>
  <testcase classname="tests.PurchaseBillTest" name="purchaseBillTest" time="53.555"/>
  <testcase classname="tests.PurchaseBillTest" name="purchaseBillTest" time="29.421"/>
  <testcase classname="tests.PurchaseBillTest" name="purchaseBillTest" time="27.903"/>
  <testcase classname="tests.PurchaseBillTest" name="purchaseBillTest" time="42.433"/>
</testsuite> <!-- tests.PurchaseBillTest -->
