<?xml version="1.0" encoding="UTF-8"?>
<!-- Generated by org.testng.reporters.JUnitXMLReporter -->
<testsuite ignored="0" hostname="TESTING-2" failures="1" tests="5" name="PaymentTests" time="303.467" errors="0" timestamp="2026-05-25T12:01:15 IST">
  <testcase classname="tests.PaymentsTest" name="paymentTest" time="30.237"/>
  <testcase classname="tests.PaymentsTest" name="paymentTest" time="25.039"/>
  <testcase classname="tests.PaymentsTest" name="paymentTest" time="35.938"/>
  <testcase classname="tests.PaymentsTest" name="paymentTest" time="33.569"/>
  <testcase classname="tests.PaymentsTest" name="paymentTest" time="58.632">
    <failure type="java.lang.AssertionError" message="The following asserts failed:
	Payment creation failed: PV82 expected [true] but found [false]">
      <![CDATA[java.lang.AssertionError: The following asserts failed:
Payment creation failed: PV82 expected [true] but found [false]
at tests.PaymentsTest.paymentTest(PaymentsTest.java:50)
at java.base/java.util.ArrayList.forEach(ArrayList.java:1511)
... Removed 29 stack frames]]>
    </failure>
  </testcase> <!-- paymentTest -->
</testsuite> <!-- PaymentTests -->
