<?xml version="1.0" encoding="UTF-8"?>
<!-- Generated by org.testng.reporters.JUnitXMLReporter -->
<testsuite ignored="0" hostname="TESTING-2" failures="0" tests="4" name="Tests" time="182.479" errors="0" timestamp="2025-12-04T15:00:15 IST">
  <testcase classname="tests.CreateDeliverynoteTest" name="createDeliverynoteTest" time="19.257"/>
  <testcase classname="tests.CreatePurchaseOrderTest" name="createPurchaseOrderTest" time="29.486"/>
  <testcase classname="tests.CreatePurchaseBillTest" name="createPurchasebillTest" time="23.103"/>
  <testcase classname="tests.CreateVendorCreditTest" name="CreateVendorCreditTest" time="25.107"/>
</testsuite> <!-- Tests -->
