<?xml version="1.0" encoding="UTF-8"?>
<!-- Generated by org.testng.reporters.JUnitXMLReporter -->
<testsuite ignored="0" hostname="TESTING-2" failures="1" tests="9" name="Tests" time="385.782" errors="0" timestamp="2025-12-24T13:26:11 IST">
  <testcase classname="tests.CreateEstimateTest" name="createEstimateTest" time="22.651"/>
  <testcase classname="tests.CreateRetainerInvoiceTest" name="createRetainerInvoiceTest" time="8.935"/>
  <testcase classname="tests.CreateSalesReturnTest" name="createSalesReturnTest" time="19.752"/>
  <testcase classname="tests.CreatePurchaseBillTest" name="createPurchasebillTest" time="16.886"/>
  <testcase classname="tests.CreateVendorCreditTest" name="CreateVendorCreditTest" time="25.26"/>
  <testcase classname="tests.CreateSalesOrderTest" name="createSalesOrderTest" time="41.325"/>
  <testcase classname="tests.CreateSalesInvoiceTest" name="createSalesInvoiceTest" time="20.258"/>
  <testcase classname="tests.CreateDeliverynoteTest" name="createDeliverynoteTest" time="15.788">
    <failure type="org.openqa.selenium.StaleElementReferenceException" message="stale element reference: stale element not found in the current frame
  (Session info: chrome=143.0.7499.147)
For documentation on this error, please visit: https://www.selenium.dev/documentation/webdriver/troubleshooting/errors#stale-element-reference-exception
Build info: version: &amp;apos;4.25.0&amp;apos;, revision: &amp;apos;8a8aea2337&amp;apos;
System info: os.name: &amp;apos;Windows 11&amp;apos;, os.arch: &amp;apos;amd64&amp;apos;, os.version: &amp;apos;10.0&amp;apos;, java.version: &amp;apos;17.0.10&amp;apos;
Driver info: org.openqa.selenium.chrome.ChromeDriver
Command: [2cf07d942fd70dda47c0117815ecea7c, getElementText {id=f.C540AE1203E4AF070FF4888765162498.d.EA695DD2CFC85E054B31A163027BBF44.e.212}]
Capabilities {acceptInsecureCerts: false, browserName: chrome, browserVersion: 143.0.7499.147, chrome: {chromedriverVersion: 143.0.7499.169 (164b20aab62..., userDataDir: C:\Users\USER\AppData\Local...}, fedcm:accounts: true, goog:chromeOptions: {debuggerAddress: localhost:57063}, goog:processID: 16488, networkConnectionEnabled: false, pageLoadStrategy: normal, platformName: windows, proxy: Proxy(), se:cdp: ws://localhost:57063/devtoo..., se:cdpVersion: 143.0.7499.147, setWindowRect: true, strictFileInteractability: false, timeouts: {implicit: 0, pageLoad: 300000, script: 30000}, unhandledPromptBehavior: dismiss and notify, webauthn:extension:credBlob: true, webauthn:extension:largeBlob: true, webauthn:extension:minPinLength: true, webauthn:extension:prf: true, webauthn:virtualAuthenticators: true}
Element: [[ChromeDriver: chrome on windows (2cf07d942fd70dda47c0117815ecea7c)] -&amp;gt; xpath: (//tr/td[4])[1]/div/div]
Session ID: 2cf07d942fd70dda47c0117815ecea7c">
      <![CDATA[org.openqa.selenium.StaleElementReferenceException: stale element reference: stale element not found in the current frame
  (Session info: chrome=143.0.7499.147)
For documentation on this error, please visit: https://www.selenium.dev/documentation/webdriver/troubleshooting/errors#stale-element-reference-exception
Build info: version: '4.25.0', revision: '8a8aea2337'
System info: os.name: 'Windows 11', os.arch: 'amd64', os.version: '10.0', java.version: '17.0.10'
Driver info: org.openqa.selenium.chrome.ChromeDriver
Command: [2cf07d942fd70dda47c0117815ecea7c, getElementText {id=f.C540AE1203E4AF070FF4888765162498.d.EA695DD2CFC85E054B31A163027BBF44.e.212}]
Capabilities {acceptInsecureCerts: false, browserName: chrome, browserVersion: 143.0.7499.147, chrome: {chromedriverVersion: 143.0.7499.169 (164b20aab62..., userDataDir: C:\Users\USER\AppData\Local...}, fedcm:accounts: true, goog:chromeOptions: {debuggerAddress: localhost:57063}, goog:processID: 16488, networkConnectionEnabled: false, pageLoadStrategy: normal, platformName: windows, proxy: Proxy(), se:cdp: ws://localhost:57063/devtoo..., se:cdpVersion: 143.0.7499.147, setWindowRect: true, strictFileInteractability: false, timeouts: {implicit: 0, pageLoad: 300000, script: 30000}, unhandledPromptBehavior: dismiss and notify, webauthn:extension:credBlob: true, webauthn:extension:largeBlob: true, webauthn:extension:minPinLength: true, webauthn:extension:prf: true, webauthn:virtualAuthenticators: true}
Element: [[ChromeDriver: chrome on windows (2cf07d942fd70dda47c0117815ecea7c)] -> xpath: (//tr/td[4])[1]/div/div]
Session ID: 2cf07d942fd70dda47c0117815ecea7c
at org.openqa.selenium.remote.ErrorCodec.decode(ErrorCodec.java:167)
at org.openqa.selenium.remote.codec.w3c.W3CHttpResponseCodec.decode(W3CHttpResponseCodec.java:138)
at org.openqa.selenium.remote.codec.w3c.W3CHttpResponseCodec.decode(W3CHttpResponseCodec.java:50)
at org.openqa.selenium.remote.HttpCommandExecutor.execute(HttpCommandExecutor.java:190)
at org.openqa.selenium.remote.service.DriverCommandExecutor.invokeExecute(DriverCommandExecutor.java:216)
at org.openqa.selenium.remote.service.DriverCommandExecutor.execute(DriverCommandExecutor.java:174)
at org.openqa.selenium.remote.RemoteWebDriver.execute(RemoteWebDriver.java:545)
at org.openqa.selenium.remote.RemoteWebElement.execute(RemoteWebElement.java:223)
at org.openqa.selenium.remote.RemoteWebElement.getText(RemoteWebElement.java:191)
at pages.CreateDeliverynotePage.verifyDeliverynoteCreated(CreateDeliverynotePage.java:148)
at tests.CreateDeliverynoteTest.createDeliverynoteTest(CreateDeliverynoteTest.java:66)
at java.base/java.util.ArrayList.forEach(ArrayList.java:1511)
... Removed 32 stack frames]]>
    </failure>
  </testcase> <!-- createDeliverynoteTest -->
  <testcase classname="tests.CreatePurchaseOrderTest" name="createPurchaseOrderTest" time="22.684"/>
</testsuite> <!-- Tests -->
