<?xml version="1.0" encoding="UTF-8"?>
<!-- Generated by org.testng.reporters.JUnitXMLReporter -->
<testsuite ignored="0" hostname="TESTING-2" failures="0" tests="22" name="Tests" time="848.096" errors="0" timestamp="2026-04-20T16:10:19 IST">
  <testcase classname="tests.EstimateTest" name="estimateTest" time="18.526"/>
  <testcase classname="tests.EstimateTest" name="estimateTest" time="15.372"/>
  <testcase classname="tests.SalesOrderTest" name="salesOrderTest" time="34.21"/>
  <testcase classname="tests.InvoicesTest" name="invoicesTest" time="34.824"/>
  <testcase classname="tests.InvoicesTest" name="invoicesTest" time="34.623"/>
  <testcase classname="tests.InvoicesTest" name="invoicesTest" time="34.38"/>
  <testcase classname="tests.InvoicesTest" name="invoicesTest" time="33.882"/>
  <testcase classname="tests.InvoicesTest" name="invoicesTest" time="34.112"/>
  <testcase classname="tests.InvoicesTest" name="invoicesTest" time="34.225"/>
  <testcase classname="tests.InvoicesTest" name="invoicesTest" time="34.068"/>
  <testcase classname="tests.InvoicesTest" name="invoicesTest" time="33.124"/>
  <testcase classname="tests.InvoicesTest" name="invoicesTest" time="34.954"/>
  <testcase classname="tests.InvoicesTest" name="invoicesTest" time="34.702"/>
  <testcase classname="tests.InvoicesTest" name="invoicesTest" time="34.484"/>
  <testcase classname="tests.InvoicesTest" name="invoicesTest" time="33.986"/>
  <testcase classname="tests.DeliveryNoteTest" name="deliveryNoteTest" time="14.515"/>
  <testcase classname="tests.SalesReturnTest" name="salesReturnTest" time="15.222"/>
  <testcase classname="tests.PurchaseOrderTest" name="purchaseOrderTest" time="12.94"/>
  <testcase classname="tests.PurchaseBillTest" name="purchaseBillTest" time="15.744"/>
  <testcase classname="tests.VendorCreditTest" name="vendorCreditTest" time="15.848"/>
  <testcase classname="tests.ReceiptTest" name="receiptTest" time="10.154"/>
  <testcase classname="tests.PaymentsTest" name="paymentTest" time="8.264"/>
</testsuite> <!-- Tests -->
