<?xml version="1.0" encoding="UTF-8"?>
<!-- Generated by org.testng.reporters.JUnitXMLReporter -->
<testsuite ignored="0" hostname="TESTING-2" failures="0" tests="111" name="Tests" time="9114.425" errors="0" timestamp="2026-08-13T17:06:13 IST">
  <testcase classname="tests.PurchaseOrderTest" name="purchaseOrderTest" time="14.433"/>
  <testcase classname="tests.PurchaseOrderTest" name="purchaseOrderTest" time="14.21"/>
  <testcase classname="tests.PurchaseOrderTest" name="purchaseOrderTest" time="14.6"/>
  <testcase classname="tests.PurchaseOrderTest" name="purchaseOrderTest" time="14.625"/>
  <testcase classname="tests.PurchaseOrderTest" name="purchaseOrderTest" time="14.895"/>
  <testcase classname="tests.PurchaseOrderTest" name="purchaseOrderTest" time="14.924"/>
  <testcase classname="tests.PurchaseOrderTest" name="purchaseOrderTest" time="15.298"/>
  <testcase classname="tests.PurchaseOrderTest" name="purchaseOrderTest" time="14.742"/>
  <testcase classname="tests.PurchaseOrderTest" name="purchaseOrderTest" time="14.861"/>
  <testcase classname="tests.PurchaseOrderTest" name="purchaseOrderTest" time="15.084"/>
  <testcase classname="tests.PurchaseOrderTest" name="purchaseOrderTest" time="14.415"/>
  <testcase classname="tests.PurchaseOrderTest" name="purchaseOrderTest" time="29.901"/>
  <testcase classname="tests.PurchaseOrderTest" name="purchaseOrderTest" time="15.111"/>
  <testcase classname="tests.PurchaseOrderTest" name="purchaseOrderTest" time="29.573"/>
  <testcase classname="tests.PurchaseOrderTest" name="purchaseOrderTest" time="15.171"/>
  <testcase classname="tests.PurchaseOrderTest" name="purchaseOrderTest" time="13.943"/>
  <testcase classname="tests.PurchaseOrderTest" name="purchaseOrderTest" time="29.409"/>
  <testcase classname="tests.PurchaseOrderTest" name="purchaseOrderTest" time="15.033"/>
  <testcase classname="tests.PurchaseOrderTest" name="purchaseOrderTest" time="30.247"/>
  <testcase classname="tests.PurchaseOrderTest" name="purchaseOrderTest" time="14.227"/>
  <testcase classname="tests.PurchaseOrderTest" name="purchaseOrderTest" time="90.834"/>
  <testcase classname="tests.PurchaseOrderTest" name="purchaseOrderTest" time="105.388"/>
  <testcase classname="tests.PurchaseOrderTest" name="purchaseOrderTest" time="90.97"/>
  <testcase classname="tests.PurchaseOrderTest" name="purchaseOrderTest" time="107.915"/>
  <testcase classname="tests.PurchaseOrderTest" name="purchaseOrderTest" time="91.45"/>
  <testcase classname="tests.PurchaseOrderTest" name="purchaseOrderTest" time="91.146"/>
  <testcase classname="tests.PurchaseOrderTest" name="purchaseOrderTest" time="107.033"/>
  <testcase classname="tests.PurchaseOrderTest" name="purchaseOrderTest" time="92.276"/>
  <testcase classname="tests.PurchaseOrderTest" name="purchaseOrderTest" time="106.33"/>
  <testcase classname="tests.PurchaseOrderTest" name="purchaseOrderTest" time="91.197"/>
  <testcase classname="tests.PurchaseOrderTest" name="purchaseOrderTest" time="90.934"/>
  <testcase classname="tests.PurchaseOrderTest" name="purchaseOrderTest" time="105.479"/>
  <testcase classname="tests.PurchaseOrderTest" name="purchaseOrderTest" time="89.149"/>
  <testcase classname="tests.PurchaseOrderTest" name="purchaseOrderTest" time="104.237"/>
  <testcase classname="tests.PurchaseOrderTest" name="purchaseOrderTest" time="90.803"/>
  <testcase classname="tests.PurchaseOrderTest" name="purchaseOrderTest" time="90.22"/>
  <testcase classname="tests.PurchaseOrderTest" name="purchaseOrderTest" time="105.023"/>
  <testcase classname="tests.PurchaseOrderTest" name="purchaseOrderTest" time="90.019"/>
  <testcase classname="tests.PurchaseOrderTest" name="purchaseOrderTest" time="106.476"/>
  <testcase classname="tests.PurchaseOrderTest" name="purchaseOrderTest" time="91.545"/>
  <testcase classname="tests.PurchaseOrderTest" name="purchaseOrderTest" time="91.386"/>
  <testcase classname="tests.PurchaseOrderTest" name="purchaseOrderTest" time="107.305"/>
  <testcase classname="tests.PurchaseOrderTest" name="purchaseOrderTest" time="90.628"/>
  <testcase classname="tests.PurchaseOrderTest" name="purchaseOrderTest" time="29.357"/>
  <testcase classname="tests.PurchaseOrderTest" name="purchaseOrderTest" time="92.275"/>
  <testcase classname="tests.PurchaseOrderTest" name="purchaseOrderTest" time="90.506"/>
  <testcase classname="tests.PurchaseOrderTest" name="purchaseOrderTest" time="105.466"/>
  <testcase classname="tests.PurchaseOrderTest" name="purchaseOrderTest" time="90.428"/>
  <testcase classname="tests.PurchaseOrderTest" name="purchaseOrderTest" time="107.516"/>
  <testcase classname="tests.PurchaseOrderTest" name="purchaseOrderTest" time="91.551"/>
  <testcase classname="tests.VendorCreditTest" name="vendorCreditTest" time="27.257"/>
  <testcase classname="tests.VendorCreditTest" name="vendorCreditTest" time="38.675"/>
  <testcase classname="tests.VendorCreditTest" name="vendorCreditTest" time="38.342"/>
  <testcase classname="tests.VendorCreditTest" name="vendorCreditTest" time="38.069"/>
  <testcase classname="tests.VendorCreditTest" name="vendorCreditTest" time="38.459"/>
  <testcase classname="tests.VendorCreditTest" name="vendorCreditTest" time="38.865"/>
  <testcase classname="tests.PaymentsTest" name="paymentTest" time="31.586"/>
  <testcase classname="tests.PaymentsTest" name="paymentTest" time="31.685"/>
  <testcase classname="tests.PaymentsTest" name="paymentTest" time="31.252"/>
  <testcase classname="tests.PurchaseBillTest" name="purchaseBillTest" time="25.775"/>
  <testcase classname="tests.PurchaseBillTest" name="purchaseBillTest" time="25.924"/>
  <testcase classname="tests.PurchaseBillTest" name="purchaseBillTest" time="25.267"/>
  <testcase classname="tests.PurchaseBillTest" name="purchaseBillTest" time="25.427"/>
  <testcase classname="tests.PurchaseBillTest" name="purchaseBillTest" time="25.568"/>
  <testcase classname="tests.PurchaseBillTest" name="purchaseBillTest" time="25.028"/>
  <testcase classname="tests.PurchaseBillTest" name="purchaseBillTest" time="25.614"/>
  <testcase classname="tests.PurchaseBillTest" name="purchaseBillTest" time="26.104"/>
  <testcase classname="tests.PurchaseBillTest" name="purchaseBillTest" time="26.197"/>
  <testcase classname="tests.PurchaseBillTest" name="purchaseBillTest" time="25.717"/>
  <testcase classname="tests.PurchaseBillTest" name="purchaseBillTest" time="25.641"/>
  <testcase classname="tests.PurchaseBillTest" name="purchaseBillTest" time="40.565"/>
  <testcase classname="tests.PurchaseBillTest" name="purchaseBillTest" time="25.206"/>
  <testcase classname="tests.PurchaseBillTest" name="purchaseBillTest" time="41.073"/>
  <testcase classname="tests.PurchaseBillTest" name="purchaseBillTest" time="26.241"/>
  <testcase classname="tests.PurchaseBillTest" name="purchaseBillTest" time="25.879"/>
  <testcase classname="tests.PurchaseBillTest" name="purchaseBillTest" time="40.992"/>
  <testcase classname="tests.PurchaseBillTest" name="purchaseBillTest" time="25.713"/>
  <testcase classname="tests.PurchaseBillTest" name="purchaseBillTest" time="40.959"/>
  <testcase classname="tests.PurchaseBillTest" name="purchaseBillTest" time="26.85"/>
  <testcase classname="tests.PurchaseBillTest" name="purchaseBillTest" time="101.34"/>
  <testcase classname="tests.PurchaseBillTest" name="purchaseBillTest" time="117.26"/>
  <testcase classname="tests.PurchaseBillTest" name="purchaseBillTest" time="102.019"/>
  <testcase classname="tests.PurchaseBillTest" name="purchaseBillTest" time="116.693"/>
  <testcase classname="tests.PurchaseBillTest" name="purchaseBillTest" time="102.063"/>
  <testcase classname="tests.PurchaseBillTest" name="purchaseBillTest" time="103.082"/>
  <testcase classname="tests.PurchaseBillTest" name="purchaseBillTest" time="116.993"/>
  <testcase classname="tests.PurchaseBillTest" name="purchaseBillTest" time="102.528"/>
  <testcase classname="tests.PurchaseBillTest" name="purchaseBillTest" time="117.598"/>
  <testcase classname="tests.PurchaseBillTest" name="purchaseBillTest" time="103.956"/>
  <testcase classname="tests.PurchaseBillTest" name="purchaseBillTest" time="101.467"/>
  <testcase classname="tests.PurchaseBillTest" name="purchaseBillTest" time="116.955"/>
  <testcase classname="tests.PurchaseBillTest" name="purchaseBillTest" time="102.584"/>
  <testcase classname="tests.PurchaseBillTest" name="purchaseBillTest" time="117.328"/>
  <testcase classname="tests.PurchaseBillTest" name="purchaseBillTest" time="103.212"/>
  <testcase classname="tests.PurchaseBillTest" name="purchaseBillTest" time="102.411"/>
  <testcase classname="tests.PurchaseBillTest" name="purchaseBillTest" time="117.376"/>
  <testcase classname="tests.PurchaseBillTest" name="purchaseBillTest" time="103.417"/>
  <testcase classname="tests.PurchaseBillTest" name="purchaseBillTest" time="117.595"/>
  <testcase classname="tests.PurchaseBillTest" name="purchaseBillTest" time="104.458"/>
  <testcase classname="tests.PurchaseBillTest" name="purchaseBillTest" time="101.87"/>
  <testcase classname="tests.PurchaseBillTest" name="purchaseBillTest" time="118.324"/>
  <testcase classname="tests.PurchaseBillTest" name="purchaseBillTest" time="102.481"/>
  <testcase classname="tests.PurchaseBillTest" name="purchaseBillTest" time="117.862"/>
  <testcase classname="tests.PurchaseBillTest" name="purchaseBillTest" time="102.768"/>
  <testcase classname="tests.PurchaseBillTest" name="purchaseBillTest" time="102.735"/>
  <testcase classname="tests.PurchaseBillTest" name="purchaseBillTest" time="117.653"/>
  <testcase classname="tests.PurchaseBillTest" name="purchaseBillTest" time="102.83"/>
  <testcase classname="tests.PurchaseBillTest" name="purchaseBillTest" time="117.774"/>
  <testcase classname="tests.PurchaseBillTest" name="purchaseBillTest" time="104.228"/>
  <testcase classname="tests.ExpenseTest" name="expenseTest" time="7.421"/>
  <testcase classname="tests.ExpenseTest" name="expenseTest" time="7.252"/>
</testsuite> <!-- Tests -->
