<?xml version="1.0" encoding="UTF-8"?>
<testng-results ignored="0" total="1" passed="1" failed="0" skipped="0">
  <reporter-output>
  </reporter-output>
  <suite started-at="2025-12-19T15:32:08 IST" name="Automation Suite" finished-at="2025-12-19T15:32:56 IST" duration-ms="47611">
    <groups>
    </groups>
    <test started-at="2025-12-19T15:32:08 IST" name="Tests" finished-at="2025-12-19T15:32:56 IST" duration-ms="47611">
      <class name="tests.CreateVendorCreditTest">
        <test-method is-config="true" signature="setUp()[pri:0, instance:tests.CreateVendorCreditTest@19e7a160]" started-at="2025-12-19T15:32:08 IST" name="setUp" finished-at="2025-12-19T15:32:09 IST" duration-ms="1349" status="PASS">
          <reporter-output>
          </reporter-output>
        </test-method> <!-- setUp -->
        <test-method is-config="true" signature="beforeMethod()[pri:0, instance:tests.CreateVendorCreditTest@19e7a160]" started-at="2025-12-19T15:32:09 IST" name="beforeMethod" finished-at="2025-12-19T15:32:16 IST" duration-ms="6835" status="PASS">
          <reporter-output>
          </reporter-output>
        </test-method> <!-- beforeMethod -->
        <test-method signature="CreateVendorCreditTest()[pri:0, instance:tests.CreateVendorCreditTest@19e7a160]" started-at="2025-12-19T15:32:16 IST" name="CreateVendorCreditTest" finished-at="2025-12-19T15:32:42 IST" duration-ms="25512" status="PASS">
          <reporter-output>
          </reporter-output>
        </test-method> <!-- CreateVendorCreditTest -->
        <test-method is-config="true" signature="afterMethod()[pri:0, instance:tests.CreateVendorCreditTest@19e7a160]" started-at="2025-12-19T15:32:42 IST" name="afterMethod" finished-at="2025-12-19T15:32:55 IST" duration-ms="13664" status="PASS">
          <reporter-output>
          </reporter-output>
        </test-method> <!-- afterMethod -->
        <test-method is-config="true" signature="tearDown()[pri:0, instance:tests.CreateVendorCreditTest@19e7a160]" started-at="2025-12-19T15:32:55 IST" name="tearDown" finished-at="2025-12-19T15:32:56 IST" duration-ms="225" status="PASS">
          <reporter-output>
          </reporter-output>
        </test-method> <!-- tearDown -->
      </class> <!-- tests.CreateVendorCreditTest -->
    </test> <!-- Tests -->
  </suite> <!-- Automation Suite -->
</testng-results>
