<?xml version="1.0" encoding="UTF-8"?>
<testng-results ignored="0" total="1" passed="1" failed="0" skipped="0">
  <reporter-output>
  </reporter-output>
  <suite started-at="2025-12-27T18:11:01 IST" name="Default suite" finished-at="2025-12-27T18:11:45 IST" duration-ms="43355">
    <groups>
    </groups>
    <test started-at="2025-12-27T18:11:01 IST" name="Default test" finished-at="2025-12-27T18:11:45 IST" duration-ms="43355">
      <class name="tests.CreateRetainerInvoiceTest">
        <test-method is-config="true" signature="setUp()[pri:0, instance:tests.CreateRetainerInvoiceTest@563e4951]" started-at="2025-12-27T18:11:01 IST" name="setUp" finished-at="2025-12-27T18:11:03 IST" duration-ms="1293" status="PASS">
          <reporter-output>
          </reporter-output>
        </test-method> <!-- setUp -->
        <test-method is-config="true" signature="beforeMethod()[pri:0, instance:tests.CreateRetainerInvoiceTest@563e4951]" started-at="2025-12-27T18:11:03 IST" name="beforeMethod" finished-at="2025-12-27T18:11:10 IST" duration-ms="7107" status="PASS">
          <reporter-output>
          </reporter-output>
        </test-method> <!-- beforeMethod -->
        <test-method signature="createRetainerInvoiceTest()[pri:0, instance:tests.CreateRetainerInvoiceTest@563e4951]" started-at="2025-12-27T18:11:10 IST" name="createRetainerInvoiceTest" finished-at="2025-12-27T18:11:30 IST" duration-ms="20431" status="PASS">
          <reporter-output>
          </reporter-output>
        </test-method> <!-- createRetainerInvoiceTest -->
        <test-method is-config="true" signature="afterMethod()[pri:0, instance:tests.CreateRetainerInvoiceTest@563e4951]" started-at="2025-12-27T18:11:30 IST" name="afterMethod" finished-at="2025-12-27T18:11:44 IST" duration-ms="14258" status="PASS">
          <reporter-output>
          </reporter-output>
        </test-method> <!-- afterMethod -->
        <test-method is-config="true" signature="tearDown()[pri:0, instance:tests.CreateRetainerInvoiceTest@563e4951]" started-at="2025-12-27T18:11:44 IST" name="tearDown" finished-at="2025-12-27T18:11:45 IST" duration-ms="241" status="PASS">
          <reporter-output>
          </reporter-output>
        </test-method> <!-- tearDown -->
      </class> <!-- tests.CreateRetainerInvoiceTest -->
    </test> <!-- Default test -->
  </suite> <!-- Default suite -->
</testng-results>
